<?xml version="1.0" encoding="UTF-8"?>
<!DOCTYPE log4j:configuration SYSTEM "log4j.dtd">
<log4j:configuration xmlns:log4j="http://jakarta.apache.org/log4j/">
	<appender name="STDOUT" class="org.apache.log4j.ConsoleAppender">
		<layout class="org.apache.log4j.PatternLayout" />
	</appender>
	<appender name="DEBUG" class="org.apache.log4j.ConsoleAppender">
		<layout class="org.apache.log4j.PatternLayout" >
			<param name="ConversionPattern" value="[%d{MM-dd HH:mm:ss:SSS}][%p][%t] %30.30c %x: %m%n"/>
		</layout>
		<filter class="org.apache.log4j.varia.LevelRangeFilter">
			<param name="LevelMax" value="DEBUG" />
			<param name="LevelMin" value="DEBUG" />
		</filter>
	</appender>
	<appender name="INFO" class="org.apache.log4j.ConsoleAppender">
		<layout class="org.apache.log4j.PatternLayout" >
			<param name="ConversionPattern" value="[%d{yyy-MM-dd HH:mm:ss:SSS}][%p][%t] %30.30c %x: %m%n"/>
		</layout>
		<filter class="org.apache.log4j.varia.LevelRangeFilter">
			<param name="LevelMax" value="INFO" />
			<param name="LevelMin" value="INFO" />
		</filter>
	</appender>
	<appender name="ERROR" class="org.apache.log4j.ConsoleAppender">
		<layout class="org.apache.log4j.PatternLayout" >
			<param name="ConversionPattern" value="[%d{yyy-MM-dd HH:mm:ss:SSS}][%p][%t] %l: %m%n"/>
		</layout>
		<filter class="org.apache.log4j.varia.LevelRangeFilter">
			<param name="LevelMax" value="ERROR" />
			<param name="LevelMin" value="ERROR" />
		</filter>
	</appender>
	
	<logger name="org">
		<level value="ERROR"></level>
	</logger>
	
	<logger name="net">
		<level value="ERROR"></level>
	</logger>

	<root>
		<appender-ref ref="DEBUG" />
		<appender-ref ref="INFO" />
		<appender-ref ref="ERROR" />
	</root>
</log4j:configuration>